Removed Pin From Net: NetName=KanalZ Pin=J2-1
Removed Pin From Net: NetName=VCC_5V Pin=J2-2
Removed Pin From Net: NetName=KanalA Pin=J3-1
Removed Pin From Net: NetName=KanalB Pin=J3-2
Removed Pin From Net: NetName=NetD2_1 Pin=J4-1
Removed Pin From Net: NetName=GND Pin=J4-2
Removed Pin From Net: NetName=GND Pin=J5-1
Removed Pin From Net: NetName=GND Pin=J5-2
Removed Pin From Net: NetName=OUTPUT3 Pin=J6-1
Removed Pin From Net: NetName=OUTPUT4 Pin=J6-2
Removed Pin From Net: NetName=OUTPUT1 Pin=J7-1
Removed Pin From Net: NetName=OUTPUT2 Pin=J7-2
Added Component: Designator=J2(PCBComponent_1)
Add component. Clean all parameters for all variants
Added Component: Designator=J3(PCBComponent_1)
Add component. Clean all parameters for all variants
Added Component: Designator=J4(PCBComponent_1)
Add component. Clean all parameters for all variants
Added Component: Designator=J5(PCBComponent_1)
Add component. Clean all parameters for all variants
Added Component: Designator=J6(PCBComponent_1)
Add component. Clean all parameters for all variants
Added Component: Designator=J7(PCBComponent_1)
Add component. Clean all parameters for all variants
Added Pin To Net: NetName=KanalZ Pin=J2-1
Added Pin To Net: NetName=VCC_5V Pin=J2-2
Added Pin To Net: NetName=KanalA Pin=J3-1
Added Pin To Net: NetName=KanalB Pin=J3-2
Added Pin To Net: NetName=NetD2_1 Pin=J4-1
Added Pin To Net: NetName=GND Pin=J4-2
Added Pin To Net: NetName=GND Pin=J5-1
Added Pin To Net: NetName=GND Pin=J5-2
Added Pin To Net: NetName=OUTPUT3 Pin=J6-1
Added Pin To Net: NetName=OUTPUT4 Pin=J6-2
Added Pin To Net: NetName=OUTPUT1 Pin=J7-1
Added Pin To Net: NetName=OUTPUT2 Pin=J7-2
Added Member To Class: ClassName=Sheet1 Member=Component J1 5mm_za_bateriju
